d:\visualstudio\jroyapat_hw5\jroyapat_hw5\debug\vc120.pdb
d:\visualstudio\jroyapat_hw5\jroyapat_hw5\debug\vc120.idb
d:\visualstudio\jroyapat_hw5\jroyapat_hw5\debug\abstractgrader.obj
d:\visualstudio\jroyapat_hw5\jroyapat_hw5\debug\commands05.obj
d:\visualstudio\jroyapat_hw5\jroyapat_hw5\debug\date.obj
d:\visualstudio\jroyapat_hw5\jroyapat_hw5\debug\factory05.obj
d:\visualstudio\jroyapat_hw5\jroyapat_hw5\debug\grader05.obj
d:\visualstudio\jroyapat_hw5\jroyapat_hw5\debug\interfaces05.obj
d:\visualstudio\jroyapat_hw5\jroyapat_hw5\debug\main.obj
d:\visualstudio\jroyapat_hw5\jroyapat_hw5\debug\memusage.obj
d:\visualstudio\jroyapat_hw5\jroyapat_hw5\debug\objectfactory.obj
d:\visualstudio\jroyapat_hw5\jroyapat_hw5\debug\random.obj
d:\visualstudio\jroyapat_hw5\jroyapat_hw5\debug\stopwatch.obj
d:\visualstudio\jroyapat_hw5\jroyapat_hw5\debug\unixstopwatch.obj
d:\visualstudio\jroyapat_hw5\jroyapat_hw5\debug\windowsstopwatch.obj
d:\visualstudio\jroyapat_hw5\jroyapat_hw5\debug\bulkhashmap.obj
d:\visualstudio\jroyapat_hw5\jroyapat_hw5\debug\hashmap.obj
d:\visualstudio\jroyapat_hw5\jroyapat_hw5\debug\keyvalue.obj
d:\visualstudio\jroyapat_hw5\debug\jroyapat_hw5.ilk
d:\visualstudio\jroyapat_hw5\debug\jroyapat_hw5.exe
d:\visualstudio\jroyapat_hw5\debug\jroyapat_hw5.pdb
d:\visualstudio\jroyapat_hw5\jroyapat_hw5\debug\jroyapat_hw5.tlog\cl.command.1.tlog
d:\visualstudio\jroyapat_hw5\jroyapat_hw5\debug\jroyapat_hw5.tlog\cl.read.1.tlog
d:\visualstudio\jroyapat_hw5\jroyapat_hw5\debug\jroyapat_hw5.tlog\cl.write.1.tlog
d:\visualstudio\jroyapat_hw5\jroyapat_hw5\debug\jroyapat_hw5.tlog\link.command.1.tlog
d:\visualstudio\jroyapat_hw5\jroyapat_hw5\debug\jroyapat_hw5.tlog\link.read.1.tlog
d:\visualstudio\jroyapat_hw5\jroyapat_hw5\debug\jroyapat_hw5.tlog\link.write.1.tlog
